<?xml version="1.0" encoding="UTF-8"?>
<!-- Generated by org.testng.reporters.JUnitReportReporter -->
<testsuite hostname="NIBLP1344" failures="0" tests="2" name="Tests.EmployeeMgmt" time="53.940" errors="0" timestamp="2024-08-08T19:42:43 IST" skipped="0">
  <testcase classname="Tests.EmployeeMgmt" name="EmployeeAddition" time="32.923"/>
  <system-out/>
  <testcase classname="Tests.EmployeeMgmt" name="EmployeeAddition" time="21.017"/>
  <system-out/>
</testsuite> <!-- Tests.EmployeeMgmt -->
