<?xml version="1.0" encoding="UTF-8"?>
<!-- Generated by org.testng.reporters.JUnitReportReporter -->
<testsuite hostname="NIBLP1344" failures="0" tests="4" name="Practice_TestNG.FirstTestNG" time="0.016" errors="0" timestamp="2024-06-06T17:24:53 IST" skipped="0">
  <testcase classname="Practice_TestNG.FirstTestNG" name="program2" time="0.002"/>
  <system-out/>
  <testcase classname="Practice_TestNG.FirstTestNG" name="program3" time="0.002"/>
  <system-out/>
  <testcase classname="Practice_TestNG.FirstTestNG" name="program1" time="0.011"/>
  <system-out/>
  <testcase classname="Practice_TestNG.FirstTestNG" name="program4" time="0.001"/>
  <system-out/>
</testsuite> <!-- Practice_TestNG.FirstTestNG -->
