<?xml version="1.0" encoding="UTF-8"?>
<!-- Generated by org.testng.reporters.JUnitReportReporter -->
<testsuite hostname="NIBLP1344" failures="0" tests="2" name="Practice_TestNG.SecondTestNG" time="0.004" errors="0" timestamp="2024-06-06T17:24:53 IST" skipped="0">
  <testcase classname="Practice_TestNG.SecondTestNG" name="TC2" time="0.002"/>
  <system-out/>
  <testcase classname="Practice_TestNG.SecondTestNG" name="TC4" time="0.002"/>
  <system-out/>
</testsuite> <!-- Practice_TestNG.SecondTestNG -->
