<?xml version="1.0" encoding="UTF-8"?>
<!-- Generated by org.testng.reporters.JUnitReportReporter -->
<testsuite hostname="NIBLP1344" failures="0" tests="1" name="Practice_TestNG.ThirdTestNG" time="0.002" errors="0" timestamp="2024-06-06T17:24:53 IST" skipped="0">
  <testcase classname="Practice_TestNG.ThirdTestNG" name="TestC4" time="0.002"/>
  <system-out/>
</testsuite> <!-- Practice_TestNG.ThirdTestNG -->
