<?xml version="1.0" encoding="UTF-8"?>
<!-- Generated by org.testng.reporters.JUnitReportReporter -->
<testsuite hostname="NIBLP1344" failures="0" tests="1" name="StreamPractice2" time="0.022" errors="0" timestamp="2024-06-20T20:17:20 IST" skipped="0">
  <testcase classname="StreamPractice2" name="getResults" time="0.022"/>
  <system-out/>
</testsuite> <!-- StreamPractice2 -->
