<?xml version="1.0" encoding="UTF-8"?>
<!-- Generated by org.testng.reporters.JUnitReportReporter -->
<testsuite hostname="NIBLP1344" failures="0" tests="1" name="StreamMap" time="0.017" errors="0" timestamp="2024-06-20T21:05:41 IST" skipped="0">
  <testcase classname="StreamMap" name="MapPractice" time="0.017"/>
  <system-out/>
</testsuite> <!-- StreamMap -->
