<?xml version="1.0" encoding="UTF-8"?>
<!-- Generated by org.testng.reporters.JUnitReportReporter -->
<testsuite hostname="NIBLP1344" failures="0" tests="3" name="AddBook" time="4.968" errors="0" timestamp="2024-03-29T16:41:01 IST" skipped="0">
  <testcase classname="AddBook" name="addBook" time="4.555"/>
  <testcase classname="AddBook" name="addBook" time="0.269"/>
  <testcase classname="AddBook" name="addBook" time="0.144"/>
</testsuite> <!-- AddBook -->
