<?xml version="1.0" encoding="UTF-8"?>
<!-- Generated by org.testng.reporters.JUnitReportReporter -->
<testsuite hostname="NIBLP1344" failures="0" tests="4" name="Practice2.PracticeTestNGXML" time="0.027" errors="0" timestamp="2024-06-21T17:52:20 IST" skipped="0">
  <testcase classname="Practice2.PracticeTestNGXML" name="SayGoodMorning" time="0.001"/>
  <system-out/>
  <testcase classname="Practice2.PracticeTestNGXML" name="AllGoodMorning" time="0.021"/>
  <system-out/>
  <testcase classname="Practice2.PracticeTestNGXML" name="YouGoodMorning" time="0.004"/>
  <system-out/>
  <testcase classname="Practice2.PracticeTestNGXML" name="SayHello" time="0.001"/>
  <system-out/>
</testsuite> <!-- Practice2.PracticeTestNGXML -->
