<?xml version="1.0" encoding="UTF-8"?>
<!-- Generated by org.testng.reporters.JUnitReportReporter -->
<testsuite hostname="NIBLP1344" failures="0" tests="3" name="Practice2.BoardingSchool" time="0.014" errors="0" timestamp="2024-06-26T20:24:25 IST" skipped="0">
  <testcase classname="Practice2.BoardingSchool" name="Classes" time="0.002"/>
  <system-out/>
  <testcase classname="Practice2.BoardingSchool" name="Classes" time="0.002"/>
  <system-out/>
  <testcase classname="Practice2.BoardingSchool" name="Classes" time="0.010"/>
  <system-out/>
</testsuite> <!-- Practice2.BoardingSchool -->
