<?xml version="1.0" encoding="UTF-8"?>
<!-- Generated by org.testng.reporters.JUnitReportReporter -->
<testsuite hostname="NIBLP1344" failures="0" tests="2" name="Practice2.ConventSchool" time="0.007" errors="0" timestamp="2024-07-03T19:49:02 IST" skipped="0">
  <testcase classname="Practice2.ConventSchool" name="PreprimarySchool" time="0.004"/>
  <system-out/>
  <testcase classname="Practice2.ConventSchool" name="HighSchool" time="0.003"/>
  <system-out/>
</testsuite> <!-- Practice2.ConventSchool -->
